<?xml version="1.0" encoding="UTF-8"?>
<!-- Generated by org.testng.reporters.JUnitReportReporter -->
<testsuite hostname="LENOVO" failures="0" tests="1" name="tests.Etoileacctest" time="19.408" errors="0" timestamp="2023-08-09T02:02:35 IST" skipped="0">
  <testcase classname="tests.Etoileacctest" name="testcreateaccnt" time="19.408"/>
</testsuite> <!-- tests.Etoileacctest -->
