<?xml version="1.0" encoding="UTF-8"?>
<!-- Generated by org.testng.reporters.JUnitReportReporter -->
<testsuite hostname="LENOVO" failures="0" tests="1" name="tests.Etoilelogintest" time="22.118" errors="0" timestamp="2023-08-09T02:02:35 IST" skipped="0">
  <testcase classname="tests.Etoilelogintest" name="testsignin" time="22.118"/>
</testsuite> <!-- tests.Etoilelogintest -->
